{"/Users/seep/Desktop/cherrys-bake-shop/backend/api.js": {"path":"/Users/seep/Desktop/cherrys-bake-shop/backend/api.js","statementMap":{"0":{"start":{"line":1,"column":16},"end":{"line":1,"column":34}},"1":{"start":{"line":2,"column":12},"end":{"line":2,"column":25}},"2":{"start":{"line":3,"column":13},"end":{"line":3,"column":28}},"3":{"start":{"line":4,"column":0},"end":{"line":4,"column":27}},"4":{"start":{"line":6,"column":0},"end":{"line":6,"column":24}},"5":{"start":{"line":9,"column":0},"end":{"line":9,"column":16}},"6":{"start":{"line":10,"column":0},"end":{"line":10,"column":29}},"7":{"start":{"line":12,"column":0},"end":{"line":12,"column":21}}},"fnMap":{},"branchMap":{},"s":{"0":1,"1":1,"2":1,"3":1,"4":1,"5":1,"6":1,"7":1},"f":{},"b":{},"_coverageSchema":"43e27e138ebf9cfc5966b082cf9a028302ed4184","hash":"b39cd7ac2753db68bbb713d99b237f0bfbb6c8cc"}
,"/Users/seep/Desktop/cherrys-bake-shop/backend/controllers/auth-controller.js": {"path":"/Users/seep/Desktop/cherrys-bake-shop/backend/controllers/auth-controller.js","statementMap":{"0":{"start":{"line":1,"column":13},"end":{"line":1,"column":38}},"1":{"start":{"line":2,"column":12},"end":{"line":2,"column":32}},"2":{"start":{"line":3,"column":61},"end":{"line":3,"column":89}},"3":{"start":{"line":5,"column":25},"end":{"line":22,"column":2}},"4":{"start":{"line":24,"column":17},"end":{"line":44,"column":1}},"5":{"start":{"line":25,"column":64},"end":{"line":25,"column":72}},"6":{"start":{"line":26,"column":2},"end":{"line":43,"column":3}},"7":{"start":{"line":27,"column":4},"end":{"line":40,"column":5}},"8":{"start":{"line":28,"column":6},"end":{"line":28,"column":68}},"9":{"start":{"line":29,"column":20},"end":{"line":29,"column":66}},"10":{"start":{"line":30,"column":6},"end":{"line":36,"column":7}},"11":{"start":{"line":31,"column":21},"end":{"line":31,"column":90}},"12":{"start":{"line":32,"column":22},"end":{"line":32,"column":53}},"13":{"start":{"line":33,"column":8},"end":{"line":33,"column":34}},"14":{"start":{"line":35,"column":8},"end":{"line":35,"column":84}},"15":{"start":{"line":38,"column":27},"end":{"line":38,"column":70}},"16":{"start":{"line":38,"column":60},"end":{"line":38,"column":69}},"17":{"start":{"line":39,"column":6},"end":{"line":39,"column":68}},"18":{"start":{"line":42,"column":4},"end":{"line":42,"column":56}},"19":{"start":{"line":46,"column":14},"end":{"line":68,"column":1}},"20":{"start":{"line":47,"column":30},"end":{"line":47,"column":38}},"21":{"start":{"line":48,"column":2},"end":{"line":67,"column":3}},"22":{"start":{"line":49,"column":4},"end":{"line":64,"column":5}},"23":{"start":{"line":50,"column":20},"end":{"line":50,"column":66}},"24":{"start":{"line":51,"column":6},"end":{"line":61,"column":7}},"25":{"start":{"line":52,"column":23},"end":{"line":52,"column":68}},"26":{"start":{"line":53,"column":8},"end":{"line":58,"column":9}},"27":{"start":{"line":54,"column":10},"end":{"line":54,"column":62}},"28":{"start":{"line":56,"column":24},"end":{"line":56,"column":56}},"29":{"start":{"line":57,"column":10},"end":{"line":57,"column":36}},"30":{"start":{"line":60,"column":8},"end":{"line":60,"column":60}},"31":{"start":{"line":63,"column":6},"end":{"line":63,"column":60}},"32":{"start":{"line":66,"column":4},"end":{"line":66,"column":56}},"33":{"start":{"line":70,"column":0},"end":{"line":73,"column":1}}},"fnMap":{"0":{"name":"(anonymous_0)","decl":{"start":{"line":24,"column":17},"end":{"line":24,"column":18}},"loc":{"start":{"line":24,"column":37},"end":{"line":44,"column":1}},"line":24},"1":{"name":"(anonymous_1)","decl":{"start":{"line":38,"column":55},"end":{"line":38,"column":56}},"loc":{"start":{"line":38,"column":60},"end":{"line":38,"column":69}},"line":38},"2":{"name":"(anonymous_2)","decl":{"start":{"line":46,"column":14},"end":{"line":46,"column":15}},"loc":{"start":{"line":46,"column":34},"end":{"line":68,"column":1}},"line":46}},"branchMap":{"0":{"loc":{"start":{"line":26,"column":2},"end":{"line":43,"column":3}},"type":"if","locations":[{"start":{"line":26,"column":2},"end":{"line":43,"column":3}},{"start":{"line":26,"column":2},"end":{"line":43,"column":3}}],"line":26},"1":{"loc":{"start":{"line":26,"column":7},"end":{"line":26,"column":64}},"type":"binary-expr","locations":[{"start":{"line":26,"column":7},"end":{"line":26,"column":16}},{"start":{"line":26,"column":20},"end":{"line":26,"column":28}},{"start":{"line":26,"column":32},"end":{"line":26,"column":37}},{"start":{"line":26,"column":41},"end":{"line":26,"column":52}},{"start":{"line":26,"column":56},"end":{"line":26,"column":64}}],"line":26},"2":{"loc":{"start":{"line":30,"column":6},"end":{"line":36,"column":7}},"type":"if","locations":[{"start":{"line":30,"column":6},"end":{"line":36,"column":7}},{"start":{"line":30,"column":6},"end":{"line":36,"column":7}}],"line":30},"3":{"loc":{"start":{"line":48,"column":2},"end":{"line":67,"column":3}},"type":"if","locations":[{"start":{"line":48,"column":2},"end":{"line":67,"column":3}},{"start":{"line":48,"column":2},"end":{"line":67,"column":3}}],"line":48},"4":{"loc":{"start":{"line":48,"column":6},"end":{"line":48,"column":23}},"type":"binary-expr","locations":[{"start":{"line":48,"column":6},"end":{"line":48,"column":11}},{"start":{"line":48,"column":15},"end":{"line":48,"column":23}}],"line":48},"5":{"loc":{"start":{"line":51,"column":6},"end":{"line":61,"column":7}},"type":"if","locations":[{"start":{"line":51,"column":6},"end":{"line":61,"column":7}},{"start":{"line":51,"column":6},"end":{"line":61,"column":7}}],"line":51},"6":{"loc":{"start":{"line":53,"column":8},"end":{"line":58,"column":9}},"type":"if","locations":[{"start":{"line":53,"column":8},"end":{"line":58,"column":9}},{"start":{"line":53,"column":8},"end":{"line":58,"column":9}}],"line":53}},"s":{"0":1,"1":1,"2":1,"3":1,"4":1,"5":0,"6":0,"7":0,"8":0,"9":0,"10":0,"11":0,"12":0,"13":0,"14":0,"15":0,"16":0,"17":0,"18":0,"19":1,"20":0,"21":0,"22":0,"23":0,"24":0,"25":0,"26":0,"27":0,"28":0,"29":0,"30":0,"31":0,"32":0,"33":1},"f":{"0":0,"1":0,"2":0},"b":{"0":[0,0],"1":[0,0,0,0,0],"2":[0,0],"3":[0,0],"4":[0,0],"5":[0,0],"6":[0,0]},"_coverageSchema":"43e27e138ebf9cfc5966b082cf9a028302ed4184","hash":"7c95943a448c681586d463f422821cfd65009195"}
,"/Users/seep/Desktop/cherrys-bake-shop/backend/controllers/private-controller.js": {"path":"/Users/seep/Desktop/cherrys-bake-shop/backend/controllers/private-controller.js","statementMap":{"0":{"start":{"line":1,"column":20},"end":{"line":5,"column":1}},"1":{"start":{"line":2,"column":2},"end":{"line":4,"column":4}},"2":{"start":{"line":7,"column":0},"end":{"line":9,"column":1}}},"fnMap":{"0":{"name":"(anonymous_0)","decl":{"start":{"line":1,"column":20},"end":{"line":1,"column":21}},"loc":{"start":{"line":1,"column":34},"end":{"line":5,"column":1}},"line":1}},"branchMap":{},"s":{"0":1,"1":0,"2":1},"f":{"0":0},"b":{},"_coverageSchema":"43e27e138ebf9cfc5966b082cf9a028302ed4184","hash":"60ec95b1f218ca0c0a1b503b8537ba18307522a5"}
,"/Users/seep/Desktop/cherrys-bake-shop/backend/controllers/quotesController.js": {"path":"/Users/seep/Desktop/cherrys-bake-shop/backend/controllers/quotesController.js","statementMap":{"0":{"start":{"line":1,"column":13},"end":{"line":1,"column":38}},"1":{"start":{"line":2,"column":14},"end":{"line":2,"column":40}},"2":{"start":{"line":3,"column":17},"end":{"line":3,"column":51}},"3":{"start":{"line":4,"column":12},"end":{"line":4,"column":32}},"4":{"start":{"line":5,"column":27},"end":{"line":5,"column":52}},"5":{"start":{"line":8,"column":25},"end":{"line":42,"column":2}},"6":{"start":{"line":45,"column":21},"end":{"line":48,"column":1}},"7":{"start":{"line":46,"column":20},"end":{"line":46,"column":55}},"8":{"start":{"line":47,"column":2},"end":{"line":47,"column":33}},"9":{"start":{"line":51,"column":20},"end":{"line":63,"column":1}},"10":{"start":{"line":52,"column":2},"end":{"line":62,"column":3}},"11":{"start":{"line":53,"column":19},"end":{"line":53,"column":29}},"12":{"start":{"line":54,"column":18},"end":{"line":54,"column":72}},"13":{"start":{"line":55,"column":4},"end":{"line":59,"column":5}},"14":{"start":{"line":56,"column":6},"end":{"line":56,"column":62}},"15":{"start":{"line":58,"column":6},"end":{"line":58,"column":33}},"16":{"start":{"line":61,"column":4},"end":{"line":61,"column":39}},"17":{"start":{"line":66,"column":23},"end":{"line":125,"column":1}},"18":{"start":{"line":67,"column":2},"end":{"line":67,"column":23}},"19":{"start":{"line":68,"column":2},"end":{"line":124,"column":3}},"20":{"start":{"line":70,"column":4},"end":{"line":70,"column":68}},"21":{"start":{"line":86,"column":8},"end":{"line":86,"column":16}},"22":{"start":{"line":88,"column":20},"end":{"line":97,"column":6}},"23":{"start":{"line":99,"column":22},"end":{"line":99,"column":42}},"24":{"start":{"line":101,"column":21},"end":{"line":117,"column":6}},"25":{"start":{"line":118,"column":23},"end":{"line":118,"column":44}},"26":{"start":{"line":120,"column":4},"end":{"line":120,"column":24}},"27":{"start":{"line":122,"column":25},"end":{"line":122,"column":68}},"28":{"start":{"line":122,"column":58},"end":{"line":122,"column":67}},"29":{"start":{"line":123,"column":4},"end":{"line":123,"column":66}},"30":{"start":{"line":127,"column":21},"end":{"line":169,"column":1}},"31":{"start":{"line":128,"column":2},"end":{"line":168,"column":3}},"32":{"start":{"line":129,"column":4},"end":{"line":129,"column":28}},"33":{"start":{"line":130,"column":4},"end":{"line":130,"column":27}},"34":{"start":{"line":131,"column":20},"end":{"line":131,"column":38}},"35":{"start":{"line":132,"column":25},"end":{"line":132,"column":27}},"36":{"start":{"line":133,"column":4},"end":{"line":163,"column":6}},"37":{"start":{"line":134,"column":22},"end":{"line":143,"column":8}},"38":{"start":{"line":144,"column":24},"end":{"line":144,"column":44}},"39":{"start":{"line":145,"column":23},"end":{"line":160,"column":8}},"40":{"start":{"line":161,"column":25},"end":{"line":161,"column":46}},"41":{"start":{"line":162,"column":6},"end":{"line":162,"column":37}},"42":{"start":{"line":164,"column":2},"end":{"line":164,"column":29}},"43":{"start":{"line":165,"column":2},"end":{"line":165,"column":45}},"44":{"start":{"line":167,"column":4},"end":{"line":167,"column":36}},"45":{"start":{"line":170,"column":0},"end":{"line":175,"column":1}}},"fnMap":{"0":{"name":"(anonymous_0)","decl":{"start":{"line":45,"column":21},"end":{"line":45,"column":22}},"loc":{"start":{"line":45,"column":41},"end":{"line":48,"column":1}},"line":45},"1":{"name":"(anonymous_1)","decl":{"start":{"line":51,"column":20},"end":{"line":51,"column":21}},"loc":{"start":{"line":51,"column":40},"end":{"line":63,"column":1}},"line":51},"2":{"name":"(anonymous_2)","decl":{"start":{"line":66,"column":23},"end":{"line":66,"column":24}},"loc":{"start":{"line":66,"column":43},"end":{"line":125,"column":1}},"line":66},"3":{"name":"(anonymous_3)","decl":{"start":{"line":122,"column":53},"end":{"line":122,"column":54}},"loc":{"start":{"line":122,"column":58},"end":{"line":122,"column":67}},"line":122},"4":{"name":"(anonymous_4)","decl":{"start":{"line":127,"column":21},"end":{"line":127,"column":22}},"loc":{"start":{"line":127,"column":41},"end":{"line":169,"column":1}},"line":127},"5":{"name":"(anonymous_5)","decl":{"start":{"line":133,"column":21},"end":{"line":133,"column":22}},"loc":{"start":{"line":133,"column":37},"end":{"line":163,"column":5}},"line":133}},"branchMap":{"0":{"loc":{"start":{"line":55,"column":4},"end":{"line":59,"column":5}},"type":"if","locations":[{"start":{"line":55,"column":4},"end":{"line":59,"column":5}},{"start":{"line":55,"column":4},"end":{"line":59,"column":5}}],"line":55}},"s":{"0":1,"1":1,"2":1,"3":1,"4":1,"5":1,"6":1,"7":0,"8":0,"9":1,"10":0,"11":0,"12":0,"13":0,"14":0,"15":0,"16":0,"17":1,"18":0,"19":0,"20":0,"21":0,"22":0,"23":0,"24":0,"25":0,"26":0,"27":0,"28":0,"29":0,"30":1,"31":0,"32":0,"33":0,"34":0,"35":0,"36":0,"37":0,"38":0,"39":0,"40":0,"41":0,"42":0,"43":0,"44":0,"45":1},"f":{"0":0,"1":0,"2":0,"3":0,"4":0,"5":0},"b":{"0":[0,0]},"_coverageSchema":"43e27e138ebf9cfc5966b082cf9a028302ed4184","hash":"ca51f2b8987efbb2ccbab5ebbce4391ea798d099"}
,"/Users/seep/Desktop/cherrys-bake-shop/backend/models/Quote.js": {"path":"/Users/seep/Desktop/cherrys-bake-shop/backend/models/Quote.js","statementMap":{"0":{"start":{"line":1,"column":17},"end":{"line":1,"column":36}},"1":{"start":{"line":2,"column":15},"end":{"line":2,"column":30}},"2":{"start":{"line":4,"column":20},"end":{"line":24,"column":2}},"3":{"start":{"line":26,"column":0},"end":{"line":26,"column":53}}},"fnMap":{},"branchMap":{},"s":{"0":1,"1":1,"2":1,"3":1},"f":{},"b":{},"_coverageSchema":"43e27e138ebf9cfc5966b082cf9a028302ed4184","hash":"aaa188d35f2cd7128d5f84d494313b26ea1723ff"}
,"/Users/seep/Desktop/cherrys-bake-shop/backend/models/User.js": {"path":"/Users/seep/Desktop/cherrys-bake-shop/backend/models/User.js","statementMap":{"0":{"start":{"line":1,"column":17},"end":{"line":1,"column":36}},"1":{"start":{"line":2,"column":15},"end":{"line":2,"column":30}},"2":{"start":{"line":4,"column":19},"end":{"line":30,"column":2}},"3":{"start":{"line":31,"column":0},"end":{"line":31,"column":52}}},"fnMap":{},"branchMap":{},"s":{"0":1,"1":1,"2":1,"3":1},"f":{},"b":{},"_coverageSchema":"43e27e138ebf9cfc5966b082cf9a028302ed4184","hash":"e28045c9fc978bdcf3cd9f555f5575ce03686d61"}
,"/Users/seep/Desktop/cherrys-bake-shop/backend/routes/auth-routes.js": {"path":"/Users/seep/Desktop/cherrys-bake-shop/backend/routes/auth-routes.js","statementMap":{"0":{"start":{"line":1,"column":16},"end":{"line":1,"column":34}},"1":{"start":{"line":2,"column":15},"end":{"line":2,"column":31}},"2":{"start":{"line":3,"column":28},"end":{"line":3,"column":69}},"3":{"start":{"line":5,"column":0},"end":{"line":5,"column":34}},"4":{"start":{"line":6,"column":0},"end":{"line":6,"column":28}},"5":{"start":{"line":8,"column":0},"end":{"line":8,"column":23}}},"fnMap":{},"branchMap":{},"s":{"0":1,"1":1,"2":1,"3":1,"4":1,"5":1},"f":{},"b":{},"_coverageSchema":"43e27e138ebf9cfc5966b082cf9a028302ed4184","hash":"3cedc973c9c105dda23bc41deeff0fa036829cf9"}
,"/Users/seep/Desktop/cherrys-bake-shop/backend/routes/index.js": {"path":"/Users/seep/Desktop/cherrys-bake-shop/backend/routes/index.js","statementMap":{"0":{"start":{"line":1,"column":16},"end":{"line":1,"column":34}},"1":{"start":{"line":2,"column":15},"end":{"line":2,"column":31}},"2":{"start":{"line":4,"column":0},"end":{"line":4,"column":26}},"3":{"start":{"line":6,"column":0},"end":{"line":6,"column":45}},"4":{"start":{"line":7,"column":0},"end":{"line":7,"column":47}},"5":{"start":{"line":8,"column":0},"end":{"line":8,"column":45}},"6":{"start":{"line":10,"column":0},"end":{"line":10,"column":23}}},"fnMap":{},"branchMap":{},"s":{"0":1,"1":1,"2":1,"3":1,"4":1,"5":1,"6":1},"f":{},"b":{},"_coverageSchema":"43e27e138ebf9cfc5966b082cf9a028302ed4184","hash":"404500830a9af6857c974055db7fd0cd941d62db"}
,"/Users/seep/Desktop/cherrys-bake-shop/backend/routes/quote-routes.js": {"path":"/Users/seep/Desktop/cherrys-bake-shop/backend/routes/quote-routes.js","statementMap":{"0":{"start":{"line":1,"column":16},"end":{"line":1,"column":34}},"1":{"start":{"line":2,"column":15},"end":{"line":2,"column":31}},"2":{"start":{"line":8,"column":4},"end":{"line":8,"column":46}},"3":{"start":{"line":10,"column":29},"end":{"line":10,"column":57}},"4":{"start":{"line":13,"column":0},"end":{"line":15,"column":3}},"5":{"start":{"line":14,"column":2},"end":{"line":14,"column":29}},"6":{"start":{"line":16,"column":0},"end":{"line":16,"column":41}},"7":{"start":{"line":17,"column":0},"end":{"line":17,"column":39}},"8":{"start":{"line":20,"column":0},"end":{"line":20,"column":29}},"9":{"start":{"line":23,"column":0},"end":{"line":23,"column":42}},"10":{"start":{"line":24,"column":0},"end":{"line":24,"column":32}},"11":{"start":{"line":26,"column":0},"end":{"line":26,"column":24}}},"fnMap":{"0":{"name":"(anonymous_0)","decl":{"start":{"line":13,"column":16},"end":{"line":13,"column":17}},"loc":{"start":{"line":13,"column":30},"end":{"line":15,"column":1}},"line":13}},"branchMap":{},"s":{"0":1,"1":1,"2":1,"3":1,"4":1,"5":1,"6":1,"7":1,"8":1,"9":1,"10":1,"11":1},"f":{"0":1},"b":{},"_coverageSchema":"43e27e138ebf9cfc5966b082cf9a028302ed4184","hash":"f1256e324841a7e5da837dcb7ce4d05b36cc63a9"}
,"/Users/seep/Desktop/cherrys-bake-shop/backend/routes/user-routes.js": {"path":"/Users/seep/Desktop/cherrys-bake-shop/backend/routes/user-routes.js","statementMap":{"0":{"start":{"line":1,"column":16},"end":{"line":1,"column":34}},"1":{"start":{"line":2,"column":15},"end":{"line":2,"column":31}},"2":{"start":{"line":3,"column":24},"end":{"line":3,"column":68}},"3":{"start":{"line":4,"column":29},"end":{"line":4,"column":57}},"4":{"start":{"line":6,"column":0},"end":{"line":6,"column":28}},"5":{"start":{"line":7,"column":0},"end":{"line":7,"column":40}},"6":{"start":{"line":9,"column":0},"end":{"line":9,"column":23}}},"fnMap":{},"branchMap":{},"s":{"0":1,"1":1,"2":1,"3":1,"4":1,"5":1,"6":1},"f":{},"b":{},"_coverageSchema":"43e27e138ebf9cfc5966b082cf9a028302ed4184","hash":"0e9ebc646c6db205ebb1822c8727ee3bf9b0c32f"}
,"/Users/seep/Desktop/cherrys-bake-shop/backend/utils/utils.js": {"path":"/Users/seep/Desktop/cherrys-bake-shop/backend/utils/utils.js","statementMap":{"0":{"start":{"line":1,"column":15},"end":{"line":1,"column":32}},"1":{"start":{"line":2,"column":12},"end":{"line":2,"column":35}},"2":{"start":{"line":3,"column":14},"end":{"line":3,"column":30}},"3":{"start":{"line":5,"column":13},"end":{"line":5,"column":38}},"4":{"start":{"line":7,"column":21},"end":{"line":10,"column":1}},"5":{"start":{"line":8,"column":21},"end":{"line":8,"column":23}},"6":{"start":{"line":9,"column":2},"end":{"line":9,"column":48}},"7":{"start":{"line":12,"column":22},"end":{"line":14,"column":1}},"8":{"start":{"line":13,"column":2},"end":{"line":13,"column":45}},"9":{"start":{"line":16,"column":21},"end":{"line":30,"column":1}},"10":{"start":{"line":17,"column":15},"end":{"line":17,"column":43}},"11":{"start":{"line":18,"column":18},"end":{"line":28,"column":4}},"12":{"start":{"line":29,"column":2},"end":{"line":29,"column":29}},"13":{"start":{"line":32,"column":28},"end":{"line":34,"column":1}},"14":{"start":{"line":33,"column":2},"end":{"line":33,"column":84}},"15":{"start":{"line":36,"column":25},"end":{"line":46,"column":1}},"16":{"start":{"line":37,"column":20},"end":{"line":37,"column":31}},"17":{"start":{"line":38,"column":2},"end":{"line":45,"column":4}},"18":{"start":{"line":39,"column":4},"end":{"line":44,"column":5}},"19":{"start":{"line":40,"column":6},"end":{"line":40,"column":52}},"20":{"start":{"line":42,"column":6},"end":{"line":42,"column":24}},"21":{"start":{"line":43,"column":6},"end":{"line":43,"column":12}},"22":{"start":{"line":48,"column":23},"end":{"line":78,"column":1}},"23":{"start":{"line":49,"column":21},"end":{"line":49,"column":78}},"24":{"start":{"line":50,"column":22},"end":{"line":50,"column":94}},"25":{"start":{"line":51,"column":21},"end":{"line":51,"column":76}},"26":{"start":{"line":53,"column":13},"end":{"line":53,"column":15}},"27":{"start":{"line":54,"column":2},"end":{"line":76,"column":3}},"28":{"start":{"line":55,"column":20},"end":{"line":55,"column":49}},"29":{"start":{"line":56,"column":18},"end":{"line":74,"column":5}},"30":{"start":{"line":75,"column":4},"end":{"line":75,"column":22}},"31":{"start":{"line":77,"column":2},"end":{"line":77,"column":13}},"32":{"start":{"line":80,"column":0},"end":{"line":86,"column":1}}},"fnMap":{"0":{"name":"(anonymous_0)","decl":{"start":{"line":7,"column":21},"end":{"line":7,"column":22}},"loc":{"start":{"line":7,"column":41},"end":{"line":10,"column":1}},"line":7},"1":{"name":"(anonymous_1)","decl":{"start":{"line":12,"column":22},"end":{"line":12,"column":23}},"loc":{"start":{"line":12,"column":48},"end":{"line":14,"column":1}},"line":12},"2":{"name":"(anonymous_2)","decl":{"start":{"line":16,"column":21},"end":{"line":16,"column":22}},"loc":{"start":{"line":16,"column":82},"end":{"line":30,"column":1}},"line":16},"3":{"name":"(anonymous_3)","decl":{"start":{"line":32,"column":28},"end":{"line":32,"column":29}},"loc":{"start":{"line":32,"column":56},"end":{"line":34,"column":1}},"line":32},"4":{"name":"(anonymous_4)","decl":{"start":{"line":36,"column":25},"end":{"line":36,"column":26}},"loc":{"start":{"line":36,"column":45},"end":{"line":46,"column":1}},"line":36},"5":{"name":"(anonymous_5)","decl":{"start":{"line":38,"column":44},"end":{"line":38,"column":45}},"loc":{"start":{"line":38,"column":62},"end":{"line":45,"column":3}},"line":38},"6":{"name":"(anonymous_6)","decl":{"start":{"line":48,"column":23},"end":{"line":48,"column":24}},"loc":{"start":{"line":48,"column":41},"end":{"line":78,"column":1}},"line":48}},"branchMap":{"0":{"loc":{"start":{"line":39,"column":4},"end":{"line":44,"column":5}},"type":"if","locations":[{"start":{"line":39,"column":4},"end":{"line":44,"column":5}},{"start":{"line":39,"column":4},"end":{"line":44,"column":5}}],"line":39}},"s":{"0":1,"1":1,"2":1,"3":1,"4":1,"5":0,"6":0,"7":1,"8":0,"9":1,"10":0,"11":0,"12":0,"13":1,"14":0,"15":1,"16":0,"17":0,"18":0,"19":0,"20":0,"21":0,"22":1,"23":0,"24":0,"25":0,"26":0,"27":0,"28":0,"29":0,"30":0,"31":0,"32":1},"f":{"0":0,"1":0,"2":0,"3":0,"4":0,"5":0,"6":0},"b":{"0":[0,0]},"_coverageSchema":"43e27e138ebf9cfc5966b082cf9a028302ed4184","hash":"704cc2094dae63a8f38947f823b122eeaa4f5576"}
}
