{"/Users/seep/Desktop/cherrys-bake-shop/backend/api.js": {"path":"/Users/seep/Desktop/cherrys-bake-shop/backend/api.js","statementMap":{"0":{"start":{"line":1,"column":16},"end":{"line":1,"column":34}},"1":{"start":{"line":2,"column":12},"end":{"line":2,"column":25}},"2":{"start":{"line":3,"column":0},"end":{"line":3,"column":24}},"3":{"start":{"line":4,"column":13},"end":{"line":4,"column":28}},"4":{"start":{"line":6,"column":0},"end":{"line":6,"column":27}},"5":{"start":{"line":9,"column":0},"end":{"line":9,"column":16}},"6":{"start":{"line":10,"column":0},"end":{"line":10,"column":29}},"7":{"start":{"line":12,"column":0},"end":{"line":12,"column":21}}},"fnMap":{},"branchMap":{},"s":{"0":2,"1":2,"2":2,"3":2,"4":2,"5":2,"6":2,"7":2},"f":{},"b":{},"_coverageSchema":"43e27e138ebf9cfc5966b082cf9a028302ed4184","hash":"b4a0444fec03a751c7cfeafdf55dbf6d377c0e2b"}
,"/Users/seep/Desktop/cherrys-bake-shop/backend/controllers/auth-controller.js": {"path":"/Users/seep/Desktop/cherrys-bake-shop/backend/controllers/auth-controller.js","statementMap":{"0":{"start":{"line":1,"column":13},"end":{"line":1,"column":38}},"1":{"start":{"line":2,"column":12},"end":{"line":2,"column":32}},"2":{"start":{"line":7,"column":4},"end":{"line":7,"column":32}},"3":{"start":{"line":9,"column":25},"end":{"line":26,"column":2}},"4":{"start":{"line":28,"column":17},"end":{"line":56,"column":1}},"5":{"start":{"line":29,"column":64},"end":{"line":29,"column":72}},"6":{"start":{"line":30,"column":2},"end":{"line":55,"column":3}},"7":{"start":{"line":31,"column":4},"end":{"line":52,"column":5}},"8":{"start":{"line":32,"column":6},"end":{"line":32,"column":71}},"9":{"start":{"line":33,"column":20},"end":{"line":33,"column":66}},"10":{"start":{"line":34,"column":6},"end":{"line":48,"column":7}},"11":{"start":{"line":35,"column":21},"end":{"line":41,"column":9}},"12":{"start":{"line":42,"column":22},"end":{"line":42,"column":53}},"13":{"start":{"line":43,"column":8},"end":{"line":43,"column":35}},"14":{"start":{"line":45,"column":8},"end":{"line":47,"column":65}},"15":{"start":{"line":50,"column":27},"end":{"line":50,"column":70}},"16":{"start":{"line":50,"column":60},"end":{"line":50,"column":69}},"17":{"start":{"line":51,"column":6},"end":{"line":51,"column":69}},"18":{"start":{"line":54,"column":4},"end":{"line":54,"column":57}},"19":{"start":{"line":58,"column":14},"end":{"line":80,"column":1}},"20":{"start":{"line":59,"column":30},"end":{"line":59,"column":38}},"21":{"start":{"line":60,"column":2},"end":{"line":79,"column":3}},"22":{"start":{"line":61,"column":4},"end":{"line":76,"column":5}},"23":{"start":{"line":62,"column":20},"end":{"line":62,"column":66}},"24":{"start":{"line":63,"column":6},"end":{"line":73,"column":7}},"25":{"start":{"line":64,"column":23},"end":{"line":64,"column":68}},"26":{"start":{"line":65,"column":8},"end":{"line":70,"column":9}},"27":{"start":{"line":66,"column":10},"end":{"line":66,"column":63}},"28":{"start":{"line":68,"column":24},"end":{"line":68,"column":56}},"29":{"start":{"line":69,"column":10},"end":{"line":69,"column":37}},"30":{"start":{"line":72,"column":8},"end":{"line":72,"column":61}},"31":{"start":{"line":75,"column":6},"end":{"line":75,"column":61}},"32":{"start":{"line":78,"column":4},"end":{"line":78,"column":57}},"33":{"start":{"line":82,"column":0},"end":{"line":85,"column":2}}},"fnMap":{"0":{"name":"(anonymous_0)","decl":{"start":{"line":28,"column":17},"end":{"line":28,"column":18}},"loc":{"start":{"line":28,"column":37},"end":{"line":56,"column":1}},"line":28},"1":{"name":"(anonymous_1)","decl":{"start":{"line":50,"column":55},"end":{"line":50,"column":56}},"loc":{"start":{"line":50,"column":60},"end":{"line":50,"column":69}},"line":50},"2":{"name":"(anonymous_2)","decl":{"start":{"line":58,"column":14},"end":{"line":58,"column":15}},"loc":{"start":{"line":58,"column":34},"end":{"line":80,"column":1}},"line":58}},"branchMap":{"0":{"loc":{"start":{"line":30,"column":2},"end":{"line":55,"column":3}},"type":"if","locations":[{"start":{"line":30,"column":2},"end":{"line":55,"column":3}},{"start":{"line":30,"column":2},"end":{"line":55,"column":3}}],"line":30},"1":{"loc":{"start":{"line":30,"column":6},"end":{"line":30,"column":63}},"type":"binary-expr","locations":[{"start":{"line":30,"column":6},"end":{"line":30,"column":15}},{"start":{"line":30,"column":19},"end":{"line":30,"column":27}},{"start":{"line":30,"column":31},"end":{"line":30,"column":36}},{"start":{"line":30,"column":40},"end":{"line":30,"column":51}},{"start":{"line":30,"column":55},"end":{"line":30,"column":63}}],"line":30},"2":{"loc":{"start":{"line":34,"column":6},"end":{"line":48,"column":7}},"type":"if","locations":[{"start":{"line":34,"column":6},"end":{"line":48,"column":7}},{"start":{"line":34,"column":6},"end":{"line":48,"column":7}}],"line":34},"3":{"loc":{"start":{"line":60,"column":2},"end":{"line":79,"column":3}},"type":"if","locations":[{"start":{"line":60,"column":2},"end":{"line":79,"column":3}},{"start":{"line":60,"column":2},"end":{"line":79,"column":3}}],"line":60},"4":{"loc":{"start":{"line":60,"column":6},"end":{"line":60,"column":23}},"type":"binary-expr","locations":[{"start":{"line":60,"column":6},"end":{"line":60,"column":11}},{"start":{"line":60,"column":15},"end":{"line":60,"column":23}}],"line":60},"5":{"loc":{"start":{"line":63,"column":6},"end":{"line":73,"column":7}},"type":"if","locations":[{"start":{"line":63,"column":6},"end":{"line":73,"column":7}},{"start":{"line":63,"column":6},"end":{"line":73,"column":7}}],"line":63},"6":{"loc":{"start":{"line":65,"column":8},"end":{"line":70,"column":9}},"type":"if","locations":[{"start":{"line":65,"column":8},"end":{"line":70,"column":9}},{"start":{"line":65,"column":8},"end":{"line":70,"column":9}}],"line":65}},"s":{"0":2,"1":2,"2":2,"3":2,"4":2,"5":4,"6":4,"7":3,"8":3,"9":2,"10":2,"11":1,"12":1,"13":1,"14":1,"15":1,"16":1,"17":1,"18":1,"19":2,"20":4,"21":4,"22":3,"23":3,"24":3,"25":2,"26":2,"27":1,"28":1,"29":1,"30":1,"31":0,"32":1,"33":2},"f":{"0":4,"1":1,"2":4},"b":{"0":[3,1],"1":[4,3,3,3,3],"2":[1,1],"3":[3,1],"4":[4,3],"5":[2,1],"6":[1,1]},"_coverageSchema":"43e27e138ebf9cfc5966b082cf9a028302ed4184","hash":"667b63ba689887a1cf7ab72f9d1fd55e955483c8"}
,"/Users/seep/Desktop/cherrys-bake-shop/backend/controllers/private-controller.js": {"path":"/Users/seep/Desktop/cherrys-bake-shop/backend/controllers/private-controller.js","statementMap":{"0":{"start":{"line":1,"column":20},"end":{"line":5,"column":1}},"1":{"start":{"line":2,"column":2},"end":{"line":4,"column":4}},"2":{"start":{"line":7,"column":0},"end":{"line":9,"column":1}}},"fnMap":{"0":{"name":"(anonymous_0)","decl":{"start":{"line":1,"column":20},"end":{"line":1,"column":21}},"loc":{"start":{"line":1,"column":34},"end":{"line":5,"column":1}},"line":1}},"branchMap":{},"s":{"0":2,"1":0,"2":2},"f":{"0":0},"b":{},"_coverageSchema":"43e27e138ebf9cfc5966b082cf9a028302ed4184","hash":"60ec95b1f218ca0c0a1b503b8537ba18307522a5"}
,"/Users/seep/Desktop/cherrys-bake-shop/backend/controllers/quotesController.js": {"path":"/Users/seep/Desktop/cherrys-bake-shop/backend/controllers/quotesController.js","statementMap":{"0":{"start":{"line":1,"column":13},"end":{"line":1,"column":38}},"1":{"start":{"line":2,"column":14},"end":{"line":2,"column":40}},"2":{"start":{"line":3,"column":17},"end":{"line":3,"column":51}},"3":{"start":{"line":4,"column":12},"end":{"line":4,"column":32}},"4":{"start":{"line":5,"column":27},"end":{"line":5,"column":52}},"5":{"start":{"line":7,"column":25},"end":{"line":36,"column":2}},"6":{"start":{"line":39,"column":21},"end":{"line":43,"column":1}},"7":{"start":{"line":40,"column":20},"end":{"line":40,"column":55}},"8":{"start":{"line":41,"column":2},"end":{"line":41,"column":34}},"9":{"start":{"line":46,"column":20},"end":{"line":58,"column":1}},"10":{"start":{"line":47,"column":2},"end":{"line":57,"column":3}},"11":{"start":{"line":48,"column":19},"end":{"line":48,"column":29}},"12":{"start":{"line":49,"column":18},"end":{"line":49,"column":72}},"13":{"start":{"line":50,"column":4},"end":{"line":54,"column":5}},"14":{"start":{"line":51,"column":6},"end":{"line":51,"column":63}},"15":{"start":{"line":53,"column":6},"end":{"line":53,"column":34}},"16":{"start":{"line":56,"column":4},"end":{"line":56,"column":40}},"17":{"start":{"line":59,"column":27},"end":{"line":62,"column":1}},"18":{"start":{"line":60,"column":19},"end":{"line":60,"column":46}},"19":{"start":{"line":61,"column":2},"end":{"line":61,"column":18}},"20":{"start":{"line":65,"column":23},"end":{"line":127,"column":1}},"21":{"start":{"line":67,"column":18},"end":{"line":67,"column":26}},"22":{"start":{"line":68,"column":2},"end":{"line":71,"column":4}},"23":{"start":{"line":74,"column":2},"end":{"line":74,"column":33}},"24":{"start":{"line":75,"column":2},"end":{"line":75,"column":33}},"25":{"start":{"line":77,"column":2},"end":{"line":126,"column":3}},"26":{"start":{"line":78,"column":4},"end":{"line":78,"column":70}},"27":{"start":{"line":92,"column":8},"end":{"line":92,"column":17}},"28":{"start":{"line":94,"column":20},"end":{"line":103,"column":6}},"29":{"start":{"line":105,"column":22},"end":{"line":105,"column":42}},"30":{"start":{"line":107,"column":21},"end":{"line":119,"column":6}},"31":{"start":{"line":120,"column":23},"end":{"line":120,"column":44}},"32":{"start":{"line":122,"column":4},"end":{"line":122,"column":25}},"33":{"start":{"line":124,"column":25},"end":{"line":124,"column":68}},"34":{"start":{"line":124,"column":58},"end":{"line":124,"column":67}},"35":{"start":{"line":125,"column":4},"end":{"line":125,"column":67}},"36":{"start":{"line":129,"column":21},"end":{"line":168,"column":1}},"37":{"start":{"line":130,"column":2},"end":{"line":167,"column":3}},"38":{"start":{"line":131,"column":4},"end":{"line":131,"column":29}},"39":{"start":{"line":132,"column":4},"end":{"line":132,"column":28}},"40":{"start":{"line":133,"column":20},"end":{"line":133,"column":38}},"41":{"start":{"line":134,"column":25},"end":{"line":134,"column":27}},"42":{"start":{"line":135,"column":4},"end":{"line":162,"column":7}},"43":{"start":{"line":136,"column":22},"end":{"line":145,"column":8}},"44":{"start":{"line":146,"column":24},"end":{"line":146,"column":44}},"45":{"start":{"line":147,"column":23},"end":{"line":159,"column":8}},"46":{"start":{"line":160,"column":25},"end":{"line":160,"column":46}},"47":{"start":{"line":161,"column":6},"end":{"line":161,"column":38}},"48":{"start":{"line":163,"column":4},"end":{"line":163,"column":32}},"49":{"start":{"line":164,"column":4},"end":{"line":164,"column":48}},"50":{"start":{"line":166,"column":4},"end":{"line":166,"column":37}},"51":{"start":{"line":169,"column":0},"end":{"line":174,"column":2}}},"fnMap":{"0":{"name":"(anonymous_0)","decl":{"start":{"line":39,"column":21},"end":{"line":39,"column":22}},"loc":{"start":{"line":39,"column":41},"end":{"line":43,"column":1}},"line":39},"1":{"name":"(anonymous_1)","decl":{"start":{"line":46,"column":20},"end":{"line":46,"column":21}},"loc":{"start":{"line":46,"column":40},"end":{"line":58,"column":1}},"line":46},"2":{"name":"(anonymous_2)","decl":{"start":{"line":59,"column":27},"end":{"line":59,"column":28}},"loc":{"start":{"line":59,"column":43},"end":{"line":62,"column":1}},"line":59},"3":{"name":"(anonymous_3)","decl":{"start":{"line":65,"column":23},"end":{"line":65,"column":24}},"loc":{"start":{"line":65,"column":43},"end":{"line":127,"column":1}},"line":65},"4":{"name":"(anonymous_4)","decl":{"start":{"line":124,"column":53},"end":{"line":124,"column":54}},"loc":{"start":{"line":124,"column":58},"end":{"line":124,"column":67}},"line":124},"5":{"name":"(anonymous_5)","decl":{"start":{"line":129,"column":21},"end":{"line":129,"column":22}},"loc":{"start":{"line":129,"column":41},"end":{"line":168,"column":1}},"line":129},"6":{"name":"(anonymous_6)","decl":{"start":{"line":135,"column":20},"end":{"line":135,"column":21}},"loc":{"start":{"line":135,"column":34},"end":{"line":162,"column":5}},"line":135}},"branchMap":{"0":{"loc":{"start":{"line":50,"column":4},"end":{"line":54,"column":5}},"type":"if","locations":[{"start":{"line":50,"column":4},"end":{"line":54,"column":5}},{"start":{"line":50,"column":4},"end":{"line":54,"column":5}}],"line":50}},"s":{"0":2,"1":2,"2":2,"3":2,"4":2,"5":2,"6":2,"7":1,"8":1,"9":2,"10":0,"11":0,"12":0,"13":0,"14":0,"15":0,"16":0,"17":2,"18":0,"19":0,"20":2,"21":0,"22":0,"23":0,"24":0,"25":0,"26":0,"27":0,"28":0,"29":0,"30":0,"31":0,"32":0,"33":0,"34":0,"35":0,"36":2,"37":0,"38":0,"39":0,"40":0,"41":0,"42":0,"43":0,"44":0,"45":0,"46":0,"47":0,"48":0,"49":0,"50":0,"51":2},"f":{"0":1,"1":0,"2":0,"3":0,"4":0,"5":0,"6":0},"b":{"0":[0,0]},"_coverageSchema":"43e27e138ebf9cfc5966b082cf9a028302ed4184","hash":"4399c54b55bd076d84aad6f782e2e3f15d1016a3"}
,"/Users/seep/Desktop/cherrys-bake-shop/backend/models/Quote.js": {"path":"/Users/seep/Desktop/cherrys-bake-shop/backend/models/Quote.js","statementMap":{"0":{"start":{"line":1,"column":17},"end":{"line":1,"column":36}},"1":{"start":{"line":2,"column":15},"end":{"line":2,"column":30}},"2":{"start":{"line":4,"column":20},"end":{"line":20,"column":2}},"3":{"start":{"line":22,"column":0},"end":{"line":22,"column":53}}},"fnMap":{},"branchMap":{},"s":{"0":2,"1":2,"2":2,"3":2},"f":{},"b":{},"_coverageSchema":"43e27e138ebf9cfc5966b082cf9a028302ed4184","hash":"1bbc512c2457560a03edfa0b047e9fb59720db1f"}
,"/Users/seep/Desktop/cherrys-bake-shop/backend/models/User.js": {"path":"/Users/seep/Desktop/cherrys-bake-shop/backend/models/User.js","statementMap":{"0":{"start":{"line":1,"column":17},"end":{"line":1,"column":36}},"1":{"start":{"line":2,"column":15},"end":{"line":2,"column":30}},"2":{"start":{"line":4,"column":19},"end":{"line":30,"column":2}},"3":{"start":{"line":31,"column":0},"end":{"line":31,"column":52}}},"fnMap":{},"branchMap":{},"s":{"0":2,"1":2,"2":2,"3":2},"f":{},"b":{},"_coverageSchema":"43e27e138ebf9cfc5966b082cf9a028302ed4184","hash":"e28045c9fc978bdcf3cd9f555f5575ce03686d61"}
,"/Users/seep/Desktop/cherrys-bake-shop/backend/routes/auth-routes.js": {"path":"/Users/seep/Desktop/cherrys-bake-shop/backend/routes/auth-routes.js","statementMap":{"0":{"start":{"line":1,"column":16},"end":{"line":1,"column":34}},"1":{"start":{"line":2,"column":15},"end":{"line":2,"column":31}},"2":{"start":{"line":3,"column":28},"end":{"line":3,"column":69}},"3":{"start":{"line":5,"column":0},"end":{"line":5,"column":34}},"4":{"start":{"line":6,"column":0},"end":{"line":6,"column":28}},"5":{"start":{"line":8,"column":0},"end":{"line":8,"column":23}}},"fnMap":{},"branchMap":{},"s":{"0":2,"1":2,"2":2,"3":2,"4":2,"5":2},"f":{},"b":{},"_coverageSchema":"43e27e138ebf9cfc5966b082cf9a028302ed4184","hash":"3cedc973c9c105dda23bc41deeff0fa036829cf9"}
,"/Users/seep/Desktop/cherrys-bake-shop/backend/routes/index.js": {"path":"/Users/seep/Desktop/cherrys-bake-shop/backend/routes/index.js","statementMap":{"0":{"start":{"line":1,"column":16},"end":{"line":1,"column":34}},"1":{"start":{"line":2,"column":15},"end":{"line":2,"column":31}},"2":{"start":{"line":4,"column":0},"end":{"line":4,"column":26}},"3":{"start":{"line":6,"column":0},"end":{"line":6,"column":45}},"4":{"start":{"line":7,"column":0},"end":{"line":7,"column":47}},"5":{"start":{"line":8,"column":0},"end":{"line":8,"column":45}},"6":{"start":{"line":10,"column":0},"end":{"line":10,"column":23}}},"fnMap":{},"branchMap":{},"s":{"0":2,"1":2,"2":2,"3":2,"4":2,"5":2,"6":2},"f":{},"b":{},"_coverageSchema":"43e27e138ebf9cfc5966b082cf9a028302ed4184","hash":"404500830a9af6857c974055db7fd0cd941d62db"}
,"/Users/seep/Desktop/cherrys-bake-shop/backend/routes/quote-routes.js": {"path":"/Users/seep/Desktop/cherrys-bake-shop/backend/routes/quote-routes.js","statementMap":{"0":{"start":{"line":1,"column":16},"end":{"line":1,"column":34}},"1":{"start":{"line":2,"column":15},"end":{"line":2,"column":31}},"2":{"start":{"line":8,"column":4},"end":{"line":8,"column":46}},"3":{"start":{"line":10,"column":29},"end":{"line":10,"column":57}},"4":{"start":{"line":13,"column":0},"end":{"line":15,"column":3}},"5":{"start":{"line":14,"column":2},"end":{"line":14,"column":29}},"6":{"start":{"line":16,"column":0},"end":{"line":16,"column":41}},"7":{"start":{"line":17,"column":0},"end":{"line":17,"column":39}},"8":{"start":{"line":20,"column":0},"end":{"line":20,"column":29}},"9":{"start":{"line":23,"column":0},"end":{"line":23,"column":42}},"10":{"start":{"line":24,"column":0},"end":{"line":24,"column":32}},"11":{"start":{"line":26,"column":0},"end":{"line":26,"column":24}}},"fnMap":{"0":{"name":"(anonymous_0)","decl":{"start":{"line":13,"column":16},"end":{"line":13,"column":17}},"loc":{"start":{"line":13,"column":30},"end":{"line":15,"column":1}},"line":13}},"branchMap":{},"s":{"0":2,"1":2,"2":2,"3":2,"4":2,"5":1,"6":2,"7":2,"8":2,"9":2,"10":2,"11":2},"f":{"0":1},"b":{},"_coverageSchema":"43e27e138ebf9cfc5966b082cf9a028302ed4184","hash":"f1256e324841a7e5da837dcb7ce4d05b36cc63a9"}
,"/Users/seep/Desktop/cherrys-bake-shop/backend/routes/user-routes.js": {"path":"/Users/seep/Desktop/cherrys-bake-shop/backend/routes/user-routes.js","statementMap":{"0":{"start":{"line":1,"column":16},"end":{"line":1,"column":34}},"1":{"start":{"line":2,"column":15},"end":{"line":2,"column":31}},"2":{"start":{"line":3,"column":24},"end":{"line":3,"column":68}},"3":{"start":{"line":4,"column":29},"end":{"line":4,"column":57}},"4":{"start":{"line":6,"column":0},"end":{"line":6,"column":28}},"5":{"start":{"line":7,"column":0},"end":{"line":7,"column":40}},"6":{"start":{"line":9,"column":0},"end":{"line":9,"column":23}}},"fnMap":{},"branchMap":{},"s":{"0":2,"1":2,"2":2,"3":2,"4":2,"5":2,"6":2},"f":{},"b":{},"_coverageSchema":"43e27e138ebf9cfc5966b082cf9a028302ed4184","hash":"0e9ebc646c6db205ebb1822c8727ee3bf9b0c32f"}
,"/Users/seep/Desktop/cherrys-bake-shop/backend/utils/utils.js": {"path":"/Users/seep/Desktop/cherrys-bake-shop/backend/utils/utils.js","statementMap":{"0":{"start":{"line":1,"column":15},"end":{"line":1,"column":32}},"1":{"start":{"line":2,"column":12},"end":{"line":2,"column":35}},"2":{"start":{"line":3,"column":14},"end":{"line":3,"column":30}},"3":{"start":{"line":5,"column":13},"end":{"line":5,"column":38}},"4":{"start":{"line":7,"column":21},"end":{"line":10,"column":1}},"5":{"start":{"line":8,"column":21},"end":{"line":8,"column":23}},"6":{"start":{"line":9,"column":2},"end":{"line":9,"column":49}},"7":{"start":{"line":12,"column":22},"end":{"line":14,"column":1}},"8":{"start":{"line":13,"column":2},"end":{"line":13,"column":46}},"9":{"start":{"line":16,"column":21},"end":{"line":36,"column":1}},"10":{"start":{"line":23,"column":15},"end":{"line":23,"column":43}},"11":{"start":{"line":24,"column":18},"end":{"line":34,"column":4}},"12":{"start":{"line":35,"column":2},"end":{"line":35,"column":30}},"13":{"start":{"line":38,"column":28},"end":{"line":42,"column":1}},"14":{"start":{"line":39,"column":2},"end":{"line":41,"column":5}},"15":{"start":{"line":44,"column":25},"end":{"line":55,"column":1}},"16":{"start":{"line":45,"column":20},"end":{"line":45,"column":31}},"17":{"start":{"line":46,"column":2},"end":{"line":54,"column":5}},"18":{"start":{"line":47,"column":4},"end":{"line":53,"column":5}},"19":{"start":{"line":48,"column":6},"end":{"line":48,"column":53}},"20":{"start":{"line":50,"column":6},"end":{"line":50,"column":25}},"21":{"start":{"line":51,"column":6},"end":{"line":51,"column":24}},"22":{"start":{"line":52,"column":6},"end":{"line":52,"column":13}},"23":{"start":{"line":57,"column":23},"end":{"line":92,"column":1}},"24":{"start":{"line":58,"column":21},"end":{"line":58,"column":77}},"25":{"start":{"line":59,"column":22},"end":{"line":65,"column":3}},"26":{"start":{"line":66,"column":21},"end":{"line":66,"column":75}},"27":{"start":{"line":68,"column":13},"end":{"line":68,"column":15}},"28":{"start":{"line":69,"column":2},"end":{"line":90,"column":3}},"29":{"start":{"line":70,"column":20},"end":{"line":70,"column":49}},"30":{"start":{"line":71,"column":18},"end":{"line":88,"column":5}},"31":{"start":{"line":89,"column":4},"end":{"line":89,"column":23}},"32":{"start":{"line":91,"column":2},"end":{"line":91,"column":14}},"33":{"start":{"line":94,"column":0},"end":{"line":100,"column":2}}},"fnMap":{"0":{"name":"(anonymous_0)","decl":{"start":{"line":7,"column":21},"end":{"line":7,"column":22}},"loc":{"start":{"line":7,"column":39},"end":{"line":10,"column":1}},"line":7},"1":{"name":"(anonymous_1)","decl":{"start":{"line":12,"column":22},"end":{"line":12,"column":23}},"loc":{"start":{"line":12,"column":48},"end":{"line":14,"column":1}},"line":12},"2":{"name":"(anonymous_2)","decl":{"start":{"line":16,"column":21},"end":{"line":16,"column":22}},"loc":{"start":{"line":22,"column":5},"end":{"line":36,"column":1}},"line":22},"3":{"name":"(anonymous_3)","decl":{"start":{"line":38,"column":28},"end":{"line":38,"column":29}},"loc":{"start":{"line":38,"column":56},"end":{"line":42,"column":1}},"line":38},"4":{"name":"(anonymous_4)","decl":{"start":{"line":44,"column":25},"end":{"line":44,"column":26}},"loc":{"start":{"line":44,"column":45},"end":{"line":55,"column":1}},"line":44},"5":{"name":"(anonymous_5)","decl":{"start":{"line":46,"column":44},"end":{"line":46,"column":45}},"loc":{"start":{"line":46,"column":62},"end":{"line":54,"column":3}},"line":46},"6":{"name":"(anonymous_6)","decl":{"start":{"line":57,"column":23},"end":{"line":57,"column":24}},"loc":{"start":{"line":57,"column":39},"end":{"line":92,"column":1}},"line":57}},"branchMap":{"0":{"loc":{"start":{"line":47,"column":4},"end":{"line":53,"column":5}},"type":"if","locations":[{"start":{"line":47,"column":4},"end":{"line":53,"column":5}},{"start":{"line":47,"column":4},"end":{"line":53,"column":5}}],"line":47}},"s":{"0":2,"1":2,"2":2,"3":2,"4":2,"5":3,"6":3,"7":2,"8":2,"9":2,"10":3,"11":3,"12":3,"13":2,"14":3,"15":2,"16":1,"17":1,"18":1,"19":0,"20":1,"21":1,"22":1,"23":2,"24":1,"25":1,"26":1,"27":1,"28":1,"29":10,"30":10,"31":10,"32":1,"33":2},"f":{"0":3,"1":2,"2":3,"3":3,"4":1,"5":1,"6":1},"b":{"0":[0,1]},"_coverageSchema":"43e27e138ebf9cfc5966b082cf9a028302ed4184","hash":"abd9d835adf2aa63010f53cb2df4f7cbb3b9aeba"}
}
