TN:
SF:/Users/seep/Desktop/cherrys-bake-shop/backend/api.js
FNF:0
FNH:0
DA:1,2
DA:2,2
DA:3,2
DA:4,2
DA:6,2
DA:9,2
DA:10,2
DA:12,2
LF:8
LH:8
BRF:0
BRH:0
end_of_record
TN:
SF:/Users/seep/Desktop/cherrys-bake-shop/backend/controllers/auth-controller.js
FN:28,(anonymous_0)
FN:50,(anonymous_1)
FN:58,(anonymous_2)
FNF:3
FNH:3
FNDA:4,(anonymous_0)
FNDA:1,(anonymous_1)
FNDA:4,(anonymous_2)
DA:1,2
DA:2,2
DA:7,2
DA:9,2
DA:28,2
DA:29,4
DA:30,4
DA:31,3
DA:32,3
DA:33,2
DA:34,2
DA:35,1
DA:42,1
DA:43,1
DA:45,1
DA:50,1
DA:51,1
DA:54,1
DA:58,2
DA:59,4
DA:60,4
DA:61,3
DA:62,3
DA:63,3
DA:64,2
DA:65,2
DA:66,1
DA:68,1
DA:69,1
DA:72,1
DA:75,0
DA:78,1
DA:82,2
LF:33
LH:32
BRDA:30,0,0,3
BRDA:30,0,1,1
BRDA:30,1,0,4
BRDA:30,1,1,3
BRDA:30,1,2,3
BRDA:30,1,3,3
BRDA:30,1,4,3
BRDA:34,2,0,1
BRDA:34,2,1,1
BRDA:60,3,0,3
BRDA:60,3,1,1
BRDA:60,4,0,4
BRDA:60,4,1,3
BRDA:63,5,0,2
BRDA:63,5,1,1
BRDA:65,6,0,1
BRDA:65,6,1,1
BRF:17
BRH:17
end_of_record
TN:
SF:/Users/seep/Desktop/cherrys-bake-shop/backend/controllers/private-controller.js
FN:1,(anonymous_0)
FNF:1
FNH:0
FNDA:0,(anonymous_0)
DA:1,2
DA:2,0
DA:7,2
LF:3
LH:2
BRF:0
BRH:0
end_of_record
TN:
SF:/Users/seep/Desktop/cherrys-bake-shop/backend/controllers/quotesController.js
FN:39,(anonymous_0)
FN:45,(anonymous_1)
FN:58,(anonymous_2)
FN:64,(anonymous_3)
FN:123,(anonymous_4)
FN:128,(anonymous_5)
FN:134,(anonymous_6)
FNF:7
FNH:1
FNDA:1,(anonymous_0)
FNDA:0,(anonymous_1)
FNDA:0,(anonymous_2)
FNDA:0,(anonymous_3)
FNDA:0,(anonymous_4)
FNDA:0,(anonymous_5)
FNDA:0,(anonymous_6)
DA:1,2
DA:2,2
DA:3,2
DA:4,2
DA:5,2
DA:7,2
DA:39,2
DA:40,1
DA:41,1
DA:45,2
DA:46,0
DA:47,0
DA:48,0
DA:49,0
DA:50,0
DA:52,0
DA:55,0
DA:58,2
DA:59,0
DA:60,0
DA:64,2
DA:66,0
DA:67,0
DA:73,0
DA:74,0
DA:76,0
DA:77,0
DA:91,0
DA:93,0
DA:104,0
DA:106,0
DA:119,0
DA:121,0
DA:123,0
DA:124,0
DA:128,2
DA:129,0
DA:130,0
DA:131,0
DA:132,0
DA:133,0
DA:134,0
DA:135,0
DA:145,0
DA:146,0
DA:159,0
DA:160,0
DA:162,0
DA:163,0
DA:165,0
DA:168,2
LF:51
LH:14
BRDA:49,0,0,0
BRDA:49,0,1,0
BRF:2
BRH:0
end_of_record
TN:
SF:/Users/seep/Desktop/cherrys-bake-shop/backend/models/Quote.js
FNF:0
FNH:0
DA:1,2
DA:2,2
DA:4,2
DA:22,2
LF:4
LH:4
BRF:0
BRH:0
end_of_record
TN:
SF:/Users/seep/Desktop/cherrys-bake-shop/backend/models/User.js
FNF:0
FNH:0
DA:1,2
DA:2,2
DA:4,2
DA:31,2
LF:4
LH:4
BRF:0
BRH:0
end_of_record
TN:
SF:/Users/seep/Desktop/cherrys-bake-shop/backend/routes/auth-routes.js
FNF:0
FNH:0
DA:1,2
DA:2,2
DA:3,2
DA:5,2
DA:6,2
DA:8,2
LF:6
LH:6
BRF:0
BRH:0
end_of_record
TN:
SF:/Users/seep/Desktop/cherrys-bake-shop/backend/routes/index.js
FNF:0
FNH:0
DA:1,2
DA:2,2
DA:4,2
DA:6,2
DA:7,2
DA:8,2
DA:10,2
LF:7
LH:7
BRF:0
BRH:0
end_of_record
TN:
SF:/Users/seep/Desktop/cherrys-bake-shop/backend/routes/quote-routes.js
FN:13,(anonymous_0)
FNF:1
FNH:1
FNDA:1,(anonymous_0)
DA:1,2
DA:2,2
DA:8,2
DA:10,2
DA:13,2
DA:14,1
DA:16,2
DA:17,2
DA:20,2
DA:23,2
DA:24,2
DA:26,2
LF:12
LH:12
BRF:0
BRH:0
end_of_record
TN:
SF:/Users/seep/Desktop/cherrys-bake-shop/backend/routes/user-routes.js
FNF:0
FNH:0
DA:1,2
DA:2,2
DA:3,2
DA:4,2
DA:6,2
DA:7,2
DA:9,2
LF:7
LH:7
BRF:0
BRH:0
end_of_record
TN:
SF:/Users/seep/Desktop/cherrys-bake-shop/backend/utils/utils.js
FN:7,(anonymous_0)
FN:12,(anonymous_1)
FN:16,(anonymous_2)
FN:38,(anonymous_3)
FN:44,(anonymous_4)
FN:46,(anonymous_5)
FN:57,(anonymous_6)
FNF:7
FNH:7
FNDA:3,(anonymous_0)
FNDA:2,(anonymous_1)
FNDA:3,(anonymous_2)
FNDA:3,(anonymous_3)
FNDA:1,(anonymous_4)
FNDA:1,(anonymous_5)
FNDA:1,(anonymous_6)
DA:1,2
DA:2,2
DA:3,2
DA:5,2
DA:7,2
DA:8,3
DA:9,3
DA:12,2
DA:13,2
DA:16,2
DA:23,3
DA:24,3
DA:35,3
DA:38,2
DA:39,3
DA:44,2
DA:45,1
DA:46,1
DA:47,1
DA:48,0
DA:50,1
DA:51,1
DA:52,1
DA:57,2
DA:58,1
DA:59,1
DA:66,1
DA:68,1
DA:69,1
DA:70,10
DA:71,10
DA:89,10
DA:91,1
DA:94,2
LF:34
LH:33
BRDA:47,0,0,0
BRDA:47,0,1,1
BRF:2
BRH:1
end_of_record
